2025-01-12 09:30:07.890  INFO 7768 --- [restartedMain] com.shopme.ShopmeApplication             : Starting ShopmeApplication using Java 17.0.12 on vansh-jangra-pc with PID 7768 (/home/vansh-jangra/IdeaProjects/Shopme/target/classes started by vansh-jangra in /home/vansh-jangra/IdeaProjects/Shopme)
2025-01-12 09:30:07.896  INFO 7768 --- [restartedMain] com.shopme.ShopmeApplication             : No active profile set, falling back to 1 default profile: "default"
2025-01-12 09:30:08.011  INFO 7768 --- [restartedMain] .e.DevToolsPropertyDefaultsPostProcessor : Devtools property defaults active! Set 'spring.devtools.add-properties' to 'false' to disable
2025-01-12 09:30:08.012  INFO 7768 --- [restartedMain] .e.DevToolsPropertyDefaultsPostProcessor : For additional web related logging consider setting the 'logging.level.web' property to 'DEBUG'
2025-01-12 09:30:09.240  INFO 7768 --- [restartedMain] .s.d.r.c.RepositoryConfigurationDelegate : Bootstrapping Spring Data JPA repositories in DEFAULT mode.
2025-01-12 09:30:09.327  INFO 7768 --- [restartedMain] .s.d.r.c.RepositoryConfigurationDelegate : Finished Spring Data repository scanning in 71 ms. Found 2 JPA repository interfaces.
2025-01-12 09:30:10.260  INFO 7768 --- [restartedMain] o.s.b.w.embedded.tomcat.TomcatWebServer  : Tomcat initialized with port(s): 8080 (http)
2025-01-12 09:30:10.296  INFO 7768 --- [restartedMain] o.apache.catalina.core.StandardService   : Starting service [Tomcat]
2025-01-12 09:30:10.297  INFO 7768 --- [restartedMain] org.apache.catalina.core.StandardEngine  : Starting Servlet engine: [Apache Tomcat/9.0.78]
2025-01-12 09:30:10.401  INFO 7768 --- [restartedMain] o.a.c.c.C.[.[localhost].[/ShopmeAdmin]   : Initializing Spring embedded WebApplicationContext
2025-01-12 09:30:10.401  INFO 7768 --- [restartedMain] w.s.c.ServletWebServerApplicationContext : Root WebApplicationContext: initialization completed in 2388 ms
2025-01-12 09:30:10.854  INFO 7768 --- [restartedMain] o.hibernate.jpa.internal.util.LogHelper  : HHH000204: Processing PersistenceUnitInfo [name: default]
2025-01-12 09:30:10.930  INFO 7768 --- [restartedMain] org.hibernate.Version                    : HHH000412: Hibernate ORM core version 5.6.15.Final
2025-01-12 09:30:11.160  INFO 7768 --- [restartedMain] o.hibernate.annotations.common.Version   : HCANN000001: Hibernate Commons Annotations {5.1.2.Final}
2025-01-12 09:30:11.280  INFO 7768 --- [restartedMain] com.zaxxer.hikari.HikariDataSource       : HikariPool-1 - Starting...
2025-01-12 09:30:11.760  INFO 7768 --- [restartedMain] com.zaxxer.hikari.HikariDataSource       : HikariPool-1 - Start completed.
2025-01-12 09:30:11.785  INFO 7768 --- [restartedMain] org.hibernate.dialect.Dialect            : HHH000400: Using dialect: org.hibernate.dialect.MySQL8Dialect
2025-01-12 09:30:12.839  INFO 7768 --- [restartedMain] o.h.e.t.j.p.i.JtaPlatformInitiator       : HHH000490: Using JtaPlatform implementation: [org.hibernate.engine.transaction.jta.platform.internal.NoJtaPlatform]
2025-01-12 09:30:12.851  INFO 7768 --- [restartedMain] j.LocalContainerEntityManagerFactoryBean : Initialized JPA EntityManagerFactory for persistence unit 'default'
2025-01-12 09:30:13.514  WARN 7768 --- [restartedMain] JpaBaseConfiguration$JpaWebConfiguration : spring.jpa.open-in-view is enabled by default. Therefore, database queries may be performed during view rendering. Explicitly configure spring.jpa.open-in-view to disable this warning
2025-01-12 09:30:13.669  WARN 7768 --- [restartedMain] o.s.s.c.a.web.builders.WebSecurity       : You are asking Spring Security to ignore Ant [pattern='/images/**']. This is not recommended -- please use permitAll via HttpSecurity#authorizeHttpRequests instead.
2025-01-12 09:30:13.670  INFO 7768 --- [restartedMain] o.s.s.web.DefaultSecurityFilterChain     : Will not secure Ant [pattern='/images/**']
2025-01-12 09:30:13.671  WARN 7768 --- [restartedMain] o.s.s.c.a.web.builders.WebSecurity       : You are asking Spring Security to ignore Ant [pattern='/js/**']. This is not recommended -- please use permitAll via HttpSecurity#authorizeHttpRequests instead.
2025-01-12 09:30:13.671  INFO 7768 --- [restartedMain] o.s.s.web.DefaultSecurityFilterChain     : Will not secure Ant [pattern='/js/**']
2025-01-12 09:30:13.671  WARN 7768 --- [restartedMain] o.s.s.c.a.web.builders.WebSecurity       : You are asking Spring Security to ignore Ant [pattern='/webjars/**']. This is not recommended -- please use permitAll via HttpSecurity#authorizeHttpRequests instead.
2025-01-12 09:30:13.671  INFO 7768 --- [restartedMain] o.s.s.web.DefaultSecurityFilterChain     : Will not secure Ant [pattern='/webjars/**']
2025-01-12 09:30:13.732  INFO 7768 --- [restartedMain] o.s.s.web.DefaultSecurityFilterChain     : Will secure any request with [org.springframework.security.web.session.DisableEncodeUrlFilter@5df5ab3b, org.springframework.security.web.context.request.async.WebAsyncManagerIntegrationFilter@5178cdcf, org.springframework.security.web.context.SecurityContextPersistenceFilter@57e01ac4, org.springframework.security.web.header.HeaderWriterFilter@61da703c, org.springframework.security.web.csrf.CsrfFilter@599b7c03, org.springframework.security.web.authentication.logout.LogoutFilter@5dd56b12, org.springframework.security.web.authentication.UsernamePasswordAuthenticationFilter@6ce87e9, org.springframework.security.web.savedrequest.RequestCacheAwareFilter@14c82e8d, org.springframework.security.web.servletapi.SecurityContextHolderAwareRequestFilter@3766d23d, org.springframework.security.web.authentication.rememberme.RememberMeAuthenticationFilter@54c4f6c5, org.springframework.security.web.authentication.AnonymousAuthenticationFilter@49c6f5df, org.springframework.security.web.session.SessionManagementFilter@1d903b41, org.springframework.security.web.access.ExceptionTranslationFilter@4fc2f7cb, org.springframework.security.web.access.intercept.FilterSecurityInterceptor@31d8ae7a]
2025-01-12 09:30:13.963  INFO 7768 --- [restartedMain] o.s.b.a.w.s.WelcomePageHandlerMapping    : Adding welcome page template: index
2025-01-12 09:30:14.974  INFO 7768 --- [restartedMain] o.s.b.d.a.OptionalLiveReloadServer       : LiveReload server is running on port 35729
2025-01-12 09:30:15.007  INFO 7768 --- [restartedMain] o.s.b.w.embedded.tomcat.TomcatWebServer  : Tomcat started on port(s): 8080 (http) with context path '/ShopmeAdmin'
2025-01-12 09:30:15.023  INFO 7768 --- [restartedMain] com.shopme.ShopmeApplication             : Started ShopmeApplication in 8.067 seconds (JVM running for 8.914)
2025-01-12 09:45:49.777  INFO 7768 --- [SpringApplicationShutdownHook] j.LocalContainerEntityManagerFactoryBean : Closing JPA EntityManagerFactory for persistence unit 'default'
2025-01-12 09:45:49.780  INFO 7768 --- [SpringApplicationShutdownHook] com.zaxxer.hikari.HikariDataSource       : HikariPool-1 - Shutdown initiated...
2025-01-12 09:45:49.791  INFO 7768 --- [SpringApplicationShutdownHook] com.zaxxer.hikari.HikariDataSource       : HikariPool-1 - Shutdown completed.
